<?xml version="1.0" encoding="UTF-8"?>
<testsuite xmlns:xsi="http://www.w3.org/2001/XMLSchema-instance" xsi:noNamespaceSchemaLocation="https://maven.apache.org/surefire/maven-surefire-plugin/xsd/surefire-test-report-3.0.xsd" version="3.0" name="runners.SanAngel" time="68.925" tests="3" errors="0" skipped="0" failures="0">
  <properties>
    <property name="java.specification.version" value="23"/>
    <property name="sun.jnu.encoding" value="UTF-8"/>
    <property name="java.class.path" value="/Users/jeffersonpaz/Desktop/SanAngelSqa/target/test-classes:/Users/jeffersonpaz/Desktop/SanAngelSqa/target/classes:/Users/jeffersonpaz/.m2/repository/org/apache/maven/plugins/maven-surefire-plugin/3.5.1/maven-surefire-plugin-3.5.1.jar:/Users/jeffersonpaz/.m2/repository/org/apache/maven/surefire/surefire-api/3.5.1/surefire-api-3.5.1.jar:/Users/jeffersonpaz/.m2/repository/org/apache/maven/surefire/surefire-logger-api/3.5.1/surefire-logger-api-3.5.1.jar:/Users/jeffersonpaz/.m2/repository/org/apache/maven/surefire/surefire-shared-utils/3.5.1/surefire-shared-utils-3.5.1.jar:/Users/jeffersonpaz/.m2/repository/org/apache/maven/surefire/surefire-extensions-api/3.5.1/surefire-extensions-api-3.5.1.jar:/Users/jeffersonpaz/.m2/repository/org/apache/maven/surefire/maven-surefire-common/3.5.1/maven-surefire-common-3.5.1.jar:/Users/jeffersonpaz/.m2/repository/org/apache/maven/surefire/surefire-booter/3.5.1/surefire-booter-3.5.1.jar:/Users/jeffersonpaz/.m2/repository/org/apache/maven/surefire/surefire-extensions-spi/3.5.1/surefire-extensions-spi-3.5.1.jar:/Users/jeffersonpaz/.m2/repository/org/apache/maven/resolver/maven-resolver-util/1.4.1/maven-resolver-util-1.4.1.jar:/Users/jeffersonpaz/.m2/repository/org/apache/maven/resolver/maven-resolver-api/1.4.1/maven-resolver-api-1.4.1.jar:/Users/jeffersonpaz/.m2/repository/org/apache/maven/shared/maven-common-artifact-filters/3.4.0/maven-common-artifact-filters-3.4.0.jar:/Users/jeffersonpaz/.m2/repository/net/serenity-bdd/serenity-ensure/4.2.3/serenity-ensure-4.2.3.jar:/Users/jeffersonpaz/.m2/repository/net/serenity-bdd/serenity-model/4.2.3/serenity-model-4.2.3.jar:/Users/jeffersonpaz/.m2/repository/org/apache/commons/commons-text/1.12.0/commons-text-1.12.0.jar:/Users/jeffersonpaz/.m2/repository/commons-net/commons-net/3.11.1/commons-net-3.11.1.jar:/Users/jeffersonpaz/.m2/repository/com/google/guava/guava/33.3.1-jre/guava-33.3.1-jre.jar:/Users/jeffersonpaz/.m2/repository/com/google/guava/failureaccess/1.0.2/failureaccess-1.0.2.jar:/Users/jeffersonpaz/.m2/repository/com/google/guava/listenablefuture/9999.0-empty-to-avoid-conflict-with-guava/listenablefuture-9999.0-empty-to-avoid-conflict-with-guava.jar:/Users/jeffersonpaz/.m2/repository/com/google/code/findbugs/jsr305/3.0.2/jsr305-3.0.2.jar:/Users/jeffersonpaz/.m2/repository/org/checkerframework/checker-qual/3.43.0/checker-qual-3.43.0.jar:/Users/jeffersonpaz/.m2/repository/com/google/j2objc/j2objc-annotations/3.0.0/j2objc-annotations-3.0.0.jar:/Users/jeffersonpaz/.m2/repository/org/jsoup/jsoup/1.15.4/jsoup-1.15.4.jar:/Users/jeffersonpaz/.m2/repository/com/thoughtworks/xstream/xstream/1.4.20/xstream-1.4.20.jar:/Users/jeffersonpaz/.m2/repository/io/github/x-stream/mxparser/1.2.2/mxparser-1.2.2.jar:/Users/jeffersonpaz/.m2/repository/xmlpull/xmlpull/1.1.3.1/xmlpull-1.1.3.1.jar:/Users/jeffersonpaz/.m2/repository/com/opencsv/opencsv/5.9/opencsv-5.9.jar:/Users/jeffersonpaz/.m2/repository/commons-beanutils/commons-beanutils/1.9.4/commons-beanutils-1.9.4.jar:/Users/jeffersonpaz/.m2/repository/commons-collections/commons-collections/3.2.2/commons-collections-3.2.2.jar:/Users/jeffersonpaz/.m2/repository/org/apache/commons/commons-collections4/4.4/commons-collections4-4.4.jar:/Users/jeffersonpaz/.m2/repository/com/typesafe/config/1.4.3/config-1.4.3.jar:/Users/jeffersonpaz/.m2/repository/org/imgscalr/imgscalr-lib/4.2/imgscalr-lib-4.2.jar:/Users/jeffersonpaz/.m2/repository/org/awaitility/awaitility/4.2.2/awaitility-4.2.2.jar:/Users/jeffersonpaz/.m2/repository/org/freemarker/freemarker/2.3.33/freemarker-2.3.33.jar:/Users/jeffersonpaz/.m2/repository/io/github/classgraph/classgraph/4.8.157/classgraph-4.8.157.jar:/Users/jeffersonpaz/.m2/repository/com/github/ben-manes/caffeine/caffeine/2.9.2/caffeine-2.9.2.jar:/Users/jeffersonpaz/.m2/repository/org/ehcache/ehcache/3.10.8/ehcache-3.10.8.jar:/Users/jeffersonpaz/.m2/repository/javax/cache/cache-api/1.1.0/cache-api-1.1.0.jar:/Users/jeffersonpaz/.m2/repository/net/sourceforge/jexcelapi/jxl/2.6.12/jxl-2.6.12.jar:/Users/jeffersonpaz/.m2/repository/net/bytebuddy/byte-buddy/1.15.2/byte-buddy-1.15.2.jar:/Users/jeffersonpaz/.m2/repository/net/bytebuddy/byte-buddy-agent/1.15.2/byte-buddy-agent-1.15.2.jar:/Users/jeffersonpaz/.m2/repository/org/objenesis/objenesis/3.4/objenesis-3.4.jar:/Users/jeffersonpaz/.m2/repository/com/vladsch/flexmark/flexmark-all/0.64.8/flexmark-all-0.64.8.jar:/Users/jeffersonpaz/.m2/repository/com/vladsch/flexmark/flexmark/0.64.8/flexmark-0.64.8.jar:/Users/jeffersonpaz/.m2/repository/com/vladsch/flexmark/flexmark-ext-abbreviation/0.64.8/flexmark-ext-abbreviation-0.64.8.jar:/Users/jeffersonpaz/.m2/repository/com/vladsch/flexmark/flexmark-ext-admonition/0.64.8/flexmark-ext-admonition-0.64.8.jar:/Users/jeffersonpaz/.m2/repository/com/vladsch/flexmark/flexmark-ext-anchorlink/0.64.8/flexmark-ext-anchorlink-0.64.8.jar:/Users/jeffersonpaz/.m2/repository/com/vladsch/flexmark/flexmark-ext-aside/0.64.8/flexmark-ext-aside-0.64.8.jar:/Users/jeffersonpaz/.m2/repository/com/vladsch/flexmark/flexmark-ext-attributes/0.64.8/flexmark-ext-attributes-0.64.8.jar:/Users/jeffersonpaz/.m2/repository/com/vladsch/flexmark/flexmark-ext-autolink/0.64.8/flexmark-ext-autolink-0.64.8.jar:/Users/jeffersonpaz/.m2/repository/org/nibor/autolink/autolink/0.6.0/autolink-0.6.0.jar:/Users/jeffersonpaz/.m2/repository/com/vladsch/flexmark/flexmark-ext-definition/0.64.8/flexmark-ext-definition-0.64.8.jar:/Users/jeffersonpaz/.m2/repository/com/vladsch/flexmark/flexmark-ext-emoji/0.64.8/flexmark-ext-emoji-0.64.8.jar:/Users/jeffersonpaz/.m2/repository/com/vladsch/flexmark/flexmark-ext-enumerated-reference/0.64.8/flexmark-ext-enumerated-reference-0.64.8.jar:/Users/jeffersonpaz/.m2/repository/com/vladsch/flexmark/flexmark-ext-escaped-character/0.64.8/flexmark-ext-escaped-character-0.64.8.jar:/Users/jeffersonpaz/.m2/repository/com/vladsch/flexmark/flexmark-ext-footnotes/0.64.8/flexmark-ext-footnotes-0.64.8.jar:/Users/jeffersonpaz/.m2/repository/com/vladsch/flexmark/flexmark-ext-gfm-issues/0.64.8/flexmark-ext-gfm-issues-0.64.8.jar:/Users/jeffersonpaz/.m2/repository/com/vladsch/flexmark/flexmark-ext-gfm-strikethrough/0.64.8/flexmark-ext-gfm-strikethrough-0.64.8.jar:/Users/jeffersonpaz/.m2/repository/com/vladsch/flexmark/flexmark-ext-gfm-tasklist/0.64.8/flexmark-ext-gfm-tasklist-0.64.8.jar:/Users/jeffersonpaz/.m2/repository/com/vladsch/flexmark/flexmark-ext-gfm-users/0.64.8/flexmark-ext-gfm-users-0.64.8.jar:/Users/jeffersonpaz/.m2/repository/com/vladsch/flexmark/flexmark-ext-gitlab/0.64.8/flexmark-ext-gitlab-0.64.8.jar:/Users/jeffersonpaz/.m2/repository/com/vladsch/flexmark/flexmark-ext-jekyll-front-matter/0.64.8/flexmark-ext-jekyll-front-matter-0.64.8.jar:/Users/jeffersonpaz/.m2/repository/com/vladsch/flexmark/flexmark-ext-jekyll-tag/0.64.8/flexmark-ext-jekyll-tag-0.64.8.jar:/Users/jeffersonpaz/.m2/repository/com/vladsch/flexmark/flexmark-ext-media-tags/0.64.8/flexmark-ext-media-tags-0.64.8.jar:/Users/jeffersonpaz/.m2/repository/com/vladsch/flexmark/flexmark-ext-macros/0.64.8/flexmark-ext-macros-0.64.8.jar:/Users/jeffersonpaz/.m2/repository/com/vladsch/flexmark/flexmark-ext-ins/0.64.8/flexmark-ext-ins-0.64.8.jar:/Users/jeffersonpaz/.m2/repository/com/vladsch/flexmark/flexmark-ext-xwiki-macros/0.64.8/flexmark-ext-xwiki-macros-0.64.8.jar:/Users/jeffersonpaz/.m2/repository/com/vladsch/flexmark/flexmark-ext-superscript/0.64.8/flexmark-ext-superscript-0.64.8.jar:/Users/jeffersonpaz/.m2/repository/com/vladsch/flexmark/flexmark-ext-toc/0.64.8/flexmark-ext-toc-0.64.8.jar:/Users/jeffersonpaz/.m2/repository/com/vladsch/flexmark/flexmark-ext-typographic/0.64.8/flexmark-ext-typographic-0.64.8.jar:/Users/jeffersonpaz/.m2/repository/com/vladsch/flexmark/flexmark-ext-wikilink/0.64.8/flexmark-ext-wikilink-0.64.8.jar:/Users/jeffersonpaz/.m2/repository/com/vladsch/flexmark/flexmark-ext-yaml-front-matter/0.64.8/flexmark-ext-yaml-front-matter-0.64.8.jar:/Users/jeffersonpaz/.m2/repository/com/vladsch/flexmark/flexmark-ext-youtube-embedded/0.64.8/flexmark-ext-youtube-embedded-0.64.8.jar:/Users/jeffersonpaz/.m2/repository/com/vladsch/flexmark/flexmark-html2md-converter/0.64.8/flexmark-html2md-converter-0.64.8.jar:/Users/jeffersonpaz/.m2/repository/com/vladsch/flexmark/flexmark-jira-converter/0.64.8/flexmark-jira-converter-0.64.8.jar:/Users/jeffersonpaz/.m2/repository/com/vladsch/flexmark/flexmark-pdf-converter/0.64.8/flexmark-pdf-converter-0.64.8.jar:/Users/jeffersonpaz/.m2/repository/com/openhtmltopdf/openhtmltopdf-core/1.0.10/openhtmltopdf-core-1.0.10.jar:/Users/jeffersonpaz/.m2/repository/com/openhtmltopdf/openhtmltopdf-pdfbox/1.0.10/openhtmltopdf-pdfbox-1.0.10.jar:/Users/jeffersonpaz/.m2/repository/org/apache/pdfbox/pdfbox/2.0.24/pdfbox-2.0.24.jar:/Users/jeffersonpaz/.m2/repository/org/apache/pdfbox/fontbox/2.0.24/fontbox-2.0.24.jar:/Users/jeffersonpaz/.m2/repository/org/apache/pdfbox/xmpbox/2.0.24/xmpbox-2.0.24.jar:/Users/jeffersonpaz/.m2/repository/de/rototor/pdfbox/graphics2d/0.32/graphics2d-0.32.jar:/Users/jeffersonpaz/.m2/repository/com/openhtmltopdf/openhtmltopdf-rtl-support/1.0.10/openhtmltopdf-rtl-support-1.0.10.jar:/Users/jeffersonpaz/.m2/repository/com/vladsch/flexmark/flexmark-profile-pegdown/0.64.8/flexmark-profile-pegdown-0.64.8.jar:/Users/jeffersonpaz/.m2/repository/com/vladsch/flexmark/flexmark-util-ast/0.64.8/flexmark-util-ast-0.64.8.jar:/Users/jeffersonpaz/.m2/repository/com/vladsch/flexmark/flexmark-util-builder/0.64.8/flexmark-util-builder-0.64.8.jar:/Users/jeffersonpaz/.m2/repository/com/vladsch/flexmark/flexmark-util-collection/0.64.8/flexmark-util-collection-0.64.8.jar:/Users/jeffersonpaz/.m2/repository/com/vladsch/flexmark/flexmark-util-data/0.64.8/flexmark-util-data-0.64.8.jar:/Users/jeffersonpaz/.m2/repository/com/vladsch/flexmark/flexmark-util-dependency/0.64.8/flexmark-util-dependency-0.64.8.jar:/Users/jeffersonpaz/.m2/repository/com/vladsch/flexmark/flexmark-util-format/0.64.8/flexmark-util-format-0.64.8.jar:/Users/jeffersonpaz/.m2/repository/com/vladsch/flexmark/flexmark-util-html/0.64.8/flexmark-util-html-0.64.8.jar:/Users/jeffersonpaz/.m2/repository/com/vladsch/flexmark/flexmark-util-misc/0.64.8/flexmark-util-misc-0.64.8.jar:/Users/jeffersonpaz/.m2/repository/com/vladsch/flexmark/flexmark-util-options/0.64.8/flexmark-util-options-0.64.8.jar:/Users/jeffersonpaz/.m2/repository/com/vladsch/flexmark/flexmark-util-sequence/0.64.8/flexmark-util-sequence-0.64.8.jar:/Users/jeffersonpaz/.m2/repository/com/vladsch/flexmark/flexmark-util-visitor/0.64.8/flexmark-util-visitor-0.64.8.jar:/Users/jeffersonpaz/.m2/repository/com/vladsch/flexmark/flexmark-youtrack-converter/0.64.8/flexmark-youtrack-converter-0.64.8.jar:/Users/jeffersonpaz/.m2/repository/com/vladsch/flexmark/flexmark-ext-resizable-image/0.64.8/flexmark-ext-resizable-image-0.64.8.jar:/Users/jeffersonpaz/.m2/repository/com/vladsch/flexmark/flexmark-ext-tables/0.64.8/flexmark-ext-tables-0.64.8.jar:/Users/jeffersonpaz/.m2/repository/com/vladsch/flexmark/flexmark-util/0.64.8/flexmark-util-0.64.8.jar:/Users/jeffersonpaz/.m2/repository/net/serenity-bdd/serenity-screenplay/4.2.3/serenity-screenplay-4.2.3.jar:/Users/jeffersonpaz/.m2/repository/net/serenity-bdd/serenity-screenplay-webdriver/4.2.3/serenity-screenplay-webdriver-4.2.3.jar:/Users/jeffersonpaz/.m2/repository/org/jetbrains/kotlin/kotlin-stdlib/1.9.24/kotlin-stdlib-1.9.24.jar:/Users/jeffersonpaz/.m2/repository/org/jetbrains/annotations/13.0/annotations-13.0.jar:/Users/jeffersonpaz/.m2/repository/net/serenity-bdd/serenity-junit/4.2.3/serenity-junit-4.2.3.jar:/Users/jeffersonpaz/.m2/repository/junit/junit/4.13.2/junit-4.13.2.jar:/Users/jeffersonpaz/.m2/repository/jakarta/xml/bind/jakarta.xml.bind-api/4.0.0/jakarta.xml.bind-api-4.0.0.jar:/Users/jeffersonpaz/.m2/repository/jakarta/activation/jakarta.activation-api/2.1.0/jakarta.activation-api-2.1.0.jar:/Users/jeffersonpaz/.m2/repository/com/sun/xml/bind/jaxb-impl/4.0.3/jaxb-impl-4.0.3.jar:/Users/jeffersonpaz/.m2/repository/net/serenity-bdd/serenity-cucumber/4.2.3/serenity-cucumber-4.2.3.jar:/Users/jeffersonpaz/.m2/repository/io/cucumber/cucumber-core/7.19.0/cucumber-core-7.19.0.jar:/Users/jeffersonpaz/.m2/repository/io/cucumber/cucumber-gherkin/7.19.0/cucumber-gherkin-7.19.0.jar:/Users/jeffersonpaz/.m2/repository/io/cucumber/cucumber-gherkin-messages/7.19.0/cucumber-gherkin-messages-7.19.0.jar:/Users/jeffersonpaz/.m2/repository/io/cucumber/gherkin/28.0.0/gherkin-28.0.0.jar:/Users/jeffersonpaz/.m2/repository/io/cucumber/messages/24.1.0/messages-24.1.0.jar:/Users/jeffersonpaz/.m2/repository/io/cucumber/testng-xml-formatter/0.2.0/testng-xml-formatter-0.2.0.jar:/Users/jeffersonpaz/.m2/repository/io/cucumber/query/12.2.0/query-12.2.0.jar:/Users/jeffersonpaz/.m2/repository/io/cucumber/tag-expressions/6.1.0/tag-expressions-6.1.0.jar:/Users/jeffersonpaz/.m2/repository/io/cucumber/cucumber-expressions/17.1.0/cucumber-expressions-17.1.0.jar:/Users/jeffersonpaz/.m2/repository/io/cucumber/datatable/7.19.0/datatable-7.19.0.jar:/Users/jeffersonpaz/.m2/repository/io/cucumber/cucumber-plugin/7.19.0/cucumber-plugin-7.19.0.jar:/Users/jeffersonpaz/.m2/repository/io/cucumber/docstring/7.19.0/docstring-7.19.0.jar:/Users/jeffersonpaz/.m2/repository/io/cucumber/html-formatter/21.7.0/html-formatter-21.7.0.jar:/Users/jeffersonpaz/.m2/repository/io/cucumber/junit-xml-formatter/0.5.0/junit-xml-formatter-0.5.0.jar:/Users/jeffersonpaz/.m2/repository/io/cucumber/ci-environment/10.0.1/ci-environment-10.0.1.jar:/Users/jeffersonpaz/.m2/repository/io/cucumber/cucumber-java/7.19.0/cucumber-java-7.19.0.jar:/Users/jeffersonpaz/.m2/repository/io/cucumber/cucumber-junit/7.19.0/cucumber-junit-7.19.0.jar:/Users/jeffersonpaz/.m2/repository/org/apiguardian/apiguardian-api/1.1.2/apiguardian-api-1.1.2.jar:/Users/jeffersonpaz/.m2/repository/org/apache/commons/commons-csv/1.5/commons-csv-1.5.jar:/Users/jeffersonpaz/.m2/repository/org/apache/maven/plugins/maven-compiler-plugin/3.13.0/maven-compiler-plugin-3.13.0.jar:/Users/jeffersonpaz/.m2/repository/org/apache/maven/shared/maven-shared-utils/3.4.2/maven-shared-utils-3.4.2.jar:/Users/jeffersonpaz/.m2/repository/org/apache/maven/shared/maven-shared-incremental/1.1/maven-shared-incremental-1.1.jar:/Users/jeffersonpaz/.m2/repository/org/codehaus/plexus/plexus-java/1.2.0/plexus-java-1.2.0.jar:/Users/jeffersonpaz/.m2/repository/org/ow2/asm/asm/9.6/asm-9.6.jar:/Users/jeffersonpaz/.m2/repository/com/thoughtworks/qdox/qdox/2.0.3/qdox-2.0.3.jar:/Users/jeffersonpaz/.m2/repository/org/codehaus/plexus/plexus-compiler-api/2.15.0/plexus-compiler-api-2.15.0.jar:/Users/jeffersonpaz/.m2/repository/org/codehaus/plexus/plexus-compiler-manager/2.15.0/plexus-compiler-manager-2.15.0.jar:/Users/jeffersonpaz/.m2/repository/javax/inject/javax.inject/1/javax.inject-1.jar:/Users/jeffersonpaz/.m2/repository/org/codehaus/plexus/plexus-xml/3.0.0/plexus-xml-3.0.0.jar:/Users/jeffersonpaz/.m2/repository/org/codehaus/plexus/plexus-compiler-javac/2.15.0/plexus-compiler-javac-2.15.0.jar:/Users/jeffersonpaz/.m2/repository/org/codehaus/plexus/plexus-utils/4.0.0/plexus-utils-4.0.0.jar:/Users/jeffersonpaz/.m2/repository/net/serenity-bdd/serenity-core/4.2.3/serenity-core-4.2.3.jar:/Users/jeffersonpaz/.m2/repository/net/serenity-bdd/serenity-reports/4.2.3/serenity-reports-4.2.3.jar:/Users/jeffersonpaz/.m2/repository/net/serenity-bdd/serenity-stats/4.2.3/serenity-stats-4.2.3.jar:/Users/jeffersonpaz/.m2/repository/net/serenity-bdd/serenity-reports-configuration/4.2.3/serenity-reports-configuration-4.2.3.jar:/Users/jeffersonpaz/.m2/repository/com/ibm/icu/icu4j/72.1/icu4j-72.1.jar:/Users/jeffersonpaz/.m2/repository/es/nitaur/markdown/txtmark/0.16/txtmark-0.16.jar:/Users/jeffersonpaz/.m2/repository/net/serenity-bdd/serenity-report-resources/4.2.3/serenity-report-resources-4.2.3.jar:/Users/jeffersonpaz/.m2/repository/com/google/code/gson/gson/2.11.0/gson-2.11.0.jar:/Users/jeffersonpaz/.m2/repository/com/google/errorprone/error_prone_annotations/2.27.0/error_prone_annotations-2.27.0.jar:/Users/jeffersonpaz/.m2/repository/com/fasterxml/jackson/core/jackson-core/2.17.2/jackson-core-2.17.2.jar:/Users/jeffersonpaz/.m2/repository/com/fasterxml/jackson/core/jackson-databind/2.17.2/jackson-databind-2.17.2.jar:/Users/jeffersonpaz/.m2/repository/com/fasterxml/jackson/core/jackson-annotations/2.17.2/jackson-annotations-2.17.2.jar:/Users/jeffersonpaz/.m2/repository/commons-codec/commons-codec/1.17.1/commons-codec-1.17.1.jar:/Users/jeffersonpaz/.m2/repository/commons-io/commons-io/2.17.0/commons-io-2.17.0.jar:/Users/jeffersonpaz/.m2/repository/org/apache/httpcomponents/httpclient/4.5.13/httpclient-4.5.13.jar:/Users/jeffersonpaz/.m2/repository/org/apache/httpcomponents/httpcore/4.4.13/httpcore-4.4.13.jar:/Users/jeffersonpaz/.m2/repository/commons-logging/commons-logging/1.2/commons-logging-1.2.jar:/Users/jeffersonpaz/.m2/repository/org/seleniumhq/selenium/selenium-java/4.25.0/selenium-java-4.25.0.jar:/Users/jeffersonpaz/.m2/repository/org/seleniumhq/selenium/selenium-devtools-v127/4.25.0/selenium-devtools-v127-4.25.0.jar:/Users/jeffersonpaz/.m2/repository/org/seleniumhq/selenium/selenium-devtools-v128/4.25.0/selenium-devtools-v128-4.25.0.jar:/Users/jeffersonpaz/.m2/repository/org/seleniumhq/selenium/selenium-devtools-v129/4.25.0/selenium-devtools-v129-4.25.0.jar:/Users/jeffersonpaz/.m2/repository/org/seleniumhq/selenium/selenium-devtools-v85/4.25.0/selenium-devtools-v85-4.25.0.jar:/Users/jeffersonpaz/.m2/repository/org/seleniumhq/selenium/selenium-remote-driver/4.25.0/selenium-remote-driver-4.25.0.jar:/Users/jeffersonpaz/.m2/repository/io/opentelemetry/semconv/opentelemetry-semconv/1.25.0-alpha/opentelemetry-semconv-1.25.0-alpha.jar:/Users/jeffersonpaz/.m2/repository/io/opentelemetry/opentelemetry-api/1.42.1/opentelemetry-api-1.42.1.jar:/Users/jeffersonpaz/.m2/repository/io/opentelemetry/opentelemetry-context/1.42.1/opentelemetry-context-1.42.1.jar:/Users/jeffersonpaz/.m2/repository/io/opentelemetry/opentelemetry-exporter-logging/1.42.1/opentelemetry-exporter-logging-1.42.1.jar:/Users/jeffersonpaz/.m2/repository/io/opentelemetry/opentelemetry-sdk-common/1.42.1/opentelemetry-sdk-common-1.42.1.jar:/Users/jeffersonpaz/.m2/repository/io/opentelemetry/opentelemetry-sdk-extension-autoconfigure-spi/1.42.1/opentelemetry-sdk-extension-autoconfigure-spi-1.42.1.jar:/Users/jeffersonpaz/.m2/repository/io/opentelemetry/opentelemetry-sdk-extension-autoconfigure/1.42.1/opentelemetry-sdk-extension-autoconfigure-1.42.1.jar:/Users/jeffersonpaz/.m2/repository/io/opentelemetry/opentelemetry-api-incubator/1.42.1-alpha/opentelemetry-api-incubator-1.42.1-alpha.jar:/Users/jeffersonpaz/.m2/repository/io/opentelemetry/opentelemetry-sdk-trace/1.42.1/opentelemetry-sdk-trace-1.42.1.jar:/Users/jeffersonpaz/.m2/repository/io/opentelemetry/opentelemetry-sdk/1.42.1/opentelemetry-sdk-1.42.1.jar:/Users/jeffersonpaz/.m2/repository/io/opentelemetry/opentelemetry-sdk-metrics/1.42.1/opentelemetry-sdk-metrics-1.42.1.jar:/Users/jeffersonpaz/.m2/repository/io/opentelemetry/opentelemetry-sdk-logs/1.42.1/opentelemetry-sdk-logs-1.42.1.jar:/Users/jeffersonpaz/.m2/repository/org/seleniumhq/selenium/selenium-os/4.25.0/selenium-os-4.25.0.jar:/Users/jeffersonpaz/.m2/repository/org/apache/commons/commons-exec/1.4.0/commons-exec-1.4.0.jar:/Users/jeffersonpaz/.m2/repository/org/seleniumhq/selenium/selenium-safari-driver/4.25.0/selenium-safari-driver-4.25.0.jar:/Users/jeffersonpaz/.m2/repository/org/seleniumhq/selenium/selenium-api/4.25.0/selenium-api-4.25.0.jar:/Users/jeffersonpaz/.m2/repository/org/jspecify/jspecify/1.0.0/jspecify-1.0.0.jar:/Users/jeffersonpaz/.m2/repository/org/seleniumhq/selenium/selenium-support/4.25.0/selenium-support-4.25.0.jar:/Users/jeffersonpaz/.m2/repository/com/google/auto/service/auto-service-annotations/1.1.1/auto-service-annotations-1.1.1.jar:/Users/jeffersonpaz/.m2/repository/org/seleniumhq/selenium/selenium-json/4.25.0/selenium-json-4.25.0.jar:/Users/jeffersonpaz/.m2/repository/org/seleniumhq/selenium/selenium-chrome-driver/4.25.0/selenium-chrome-driver-4.25.0.jar:/Users/jeffersonpaz/.m2/repository/org/seleniumhq/selenium/selenium-chromium-driver/4.25.0/selenium-chromium-driver-4.25.0.jar:/Users/jeffersonpaz/.m2/repository/org/seleniumhq/selenium/selenium-manager/4.25.0/selenium-manager-4.25.0.jar:/Users/jeffersonpaz/.m2/repository/org/seleniumhq/selenium/selenium-firefox-driver/4.25.0/selenium-firefox-driver-4.25.0.jar:/Users/jeffersonpaz/.m2/repository/org/seleniumhq/selenium/selenium-http/4.25.0/selenium-http-4.25.0.jar:/Users/jeffersonpaz/.m2/repository/dev/failsafe/failsafe/3.3.2/failsafe-3.3.2.jar:/Users/jeffersonpaz/.m2/repository/org/seleniumhq/selenium/selenium-edge-driver/4.25.0/selenium-edge-driver-4.25.0.jar:/Users/jeffersonpaz/.m2/repository/org/seleniumhq/selenium/selenium-ie-driver/4.25.0/selenium-ie-driver-4.25.0.jar:/Users/jeffersonpaz/.m2/repository/org/htmlunit/htmlunit/4.4.0/htmlunit-4.4.0.jar:/Users/jeffersonpaz/.m2/repository/org/apache/httpcomponents/httpmime/4.5.14/httpmime-4.5.14.jar:/Users/jeffersonpaz/.m2/repository/org/htmlunit/htmlunit-core-js/4.4.0/htmlunit-core-js-4.4.0.jar:/Users/jeffersonpaz/.m2/repository/org/htmlunit/neko-htmlunit/4.4.0/neko-htmlunit-4.4.0.jar:/Users/jeffersonpaz/.m2/repository/org/htmlunit/htmlunit-cssparser/4.4.0/htmlunit-cssparser-4.4.0.jar:/Users/jeffersonpaz/.m2/repository/org/htmlunit/htmlunit-xpath/4.4.0/htmlunit-xpath-4.4.0.jar:/Users/jeffersonpaz/.m2/repository/org/htmlunit/htmlunit-csp/4.4.0/htmlunit-csp-4.4.0.jar:/Users/jeffersonpaz/.m2/repository/org/htmlunit/htmlunit-websocket-client/4.4.0/htmlunit-websocket-client-4.4.0.jar:/Users/jeffersonpaz/.m2/repository/org/brotli/dec/0.1.2/dec-0.1.2.jar:/Users/jeffersonpaz/.m2/repository/org/seleniumhq/selenium/htmlunit3-driver/4.23.0/htmlunit3-driver-4.23.0.jar:/Users/jeffersonpaz/.m2/repository/io/appium/java-client/9.3.0/java-client-9.3.0.jar:/Users/jeffersonpaz/.m2/repository/org/apache/groovy/groovy/4.0.23/groovy-4.0.23.jar:/Users/jeffersonpaz/.m2/repository/net/sf/opencsv/opencsv/2.3/opencsv-2.3.jar:/Users/jeffersonpaz/.m2/repository/org/apache/commons/commons-lang3/3.17.0/commons-lang3-3.17.0.jar:/Users/jeffersonpaz/.m2/repository/org/apache/commons/commons-compress/1.27.1/commons-compress-1.27.1.jar:/Users/jeffersonpaz/.m2/repository/org/fluentlenium/fluentlenium-core/0.10.2/fluentlenium-core-0.10.2.jar:/Users/jeffersonpaz/.m2/repository/com/jhlabs/filters/2.0.235/filters-2.0.235.jar:/Users/jeffersonpaz/.m2/repository/com/paulhammant/ngwebdriver/1.2/ngwebdriver-1.2.jar:/Users/jeffersonpaz/.m2/repository/joda-time/joda-time/2.13.0/joda-time-2.13.0.jar:/Users/jeffersonpaz/.m2/repository/org/hamcrest/hamcrest/2.2/hamcrest-2.2.jar:/Users/jeffersonpaz/.m2/repository/com/google/jimfs/jimfs/1.3.0/jimfs-1.3.0.jar:/Users/jeffersonpaz/.m2/repository/org/mockito/mockito-core/3.3.3/mockito-core-3.3.3.jar:/Users/jeffersonpaz/.m2/repository/javax/xml/bind/jaxb-api/2.3.1/jaxb-api-2.3.1.jar:/Users/jeffersonpaz/.m2/repository/javax/activation/javax.activation-api/1.2.0/javax.activation-api-1.2.0.jar:/Users/jeffersonpaz/.m2/repository/com/sun/xml/bind/jaxb-core/2.3.0.1/jaxb-core-2.3.0.1.jar:/Users/jeffersonpaz/.m2/repository/javax/activation/activation/1.1.1/activation-1.1.1.jar:/Users/jeffersonpaz/.m2/repository/org/slf4j/slf4j-simple/1.7.7/slf4j-simple-1.7.7.jar:/Users/jeffersonpaz/.m2/repository/org/slf4j/slf4j-api/1.7.7/slf4j-api-1.7.7.jar:"/>
    <property name="java.vm.vendor" value="Homebrew"/>
    <property name="sun.arch.data.model" value="64"/>
    <property name="java.vendor.url" value="https://github.com/Homebrew/homebrew-core/issues"/>
    <property name="os.name" value="Mac OS X"/>
    <property name="java.vm.specification.version" value="23"/>
    <property name="sun.java.launcher" value="SUN_STANDARD"/>
    <property name="user.country" value="CO"/>
    <property name="sun.boot.library.path" value="/opt/homebrew/Cellar/openjdk/23/libexec/openjdk.jdk/Contents/Home/lib"/>
    <property name="sun.java.command" value="/Users/jeffersonpaz/Desktop/SanAngelSqa/target/surefire/surefirebooter-20241010224708480_3.jar /Users/jeffersonpaz/Desktop/SanAngelSqa/target/surefire 2024-10-10T22-47-08_444-jvmRun1 surefire-20241010224708480_1tmp surefire_0-20241010224708480_2tmp"/>
    <property name="http.nonProxyHosts" value="local|*.local|169.254/16|*.169.254/16"/>
    <property name="jdk.debug" value="release"/>
    <property name="test" value="runners.SanAngel"/>
    <property name="surefire.test.class.path" value="/Users/jeffersonpaz/Desktop/SanAngelSqa/target/test-classes:/Users/jeffersonpaz/Desktop/SanAngelSqa/target/classes:/Users/jeffersonpaz/.m2/repository/org/apache/maven/plugins/maven-surefire-plugin/3.5.1/maven-surefire-plugin-3.5.1.jar:/Users/jeffersonpaz/.m2/repository/org/apache/maven/surefire/surefire-api/3.5.1/surefire-api-3.5.1.jar:/Users/jeffersonpaz/.m2/repository/org/apache/maven/surefire/surefire-logger-api/3.5.1/surefire-logger-api-3.5.1.jar:/Users/jeffersonpaz/.m2/repository/org/apache/maven/surefire/surefire-shared-utils/3.5.1/surefire-shared-utils-3.5.1.jar:/Users/jeffersonpaz/.m2/repository/org/apache/maven/surefire/surefire-extensions-api/3.5.1/surefire-extensions-api-3.5.1.jar:/Users/jeffersonpaz/.m2/repository/org/apache/maven/surefire/maven-surefire-common/3.5.1/maven-surefire-common-3.5.1.jar:/Users/jeffersonpaz/.m2/repository/org/apache/maven/surefire/surefire-booter/3.5.1/surefire-booter-3.5.1.jar:/Users/jeffersonpaz/.m2/repository/org/apache/maven/surefire/surefire-extensions-spi/3.5.1/surefire-extensions-spi-3.5.1.jar:/Users/jeffersonpaz/.m2/repository/org/apache/maven/resolver/maven-resolver-util/1.4.1/maven-resolver-util-1.4.1.jar:/Users/jeffersonpaz/.m2/repository/org/apache/maven/resolver/maven-resolver-api/1.4.1/maven-resolver-api-1.4.1.jar:/Users/jeffersonpaz/.m2/repository/org/apache/maven/shared/maven-common-artifact-filters/3.4.0/maven-common-artifact-filters-3.4.0.jar:/Users/jeffersonpaz/.m2/repository/net/serenity-bdd/serenity-ensure/4.2.3/serenity-ensure-4.2.3.jar:/Users/jeffersonpaz/.m2/repository/net/serenity-bdd/serenity-model/4.2.3/serenity-model-4.2.3.jar:/Users/jeffersonpaz/.m2/repository/org/apache/commons/commons-text/1.12.0/commons-text-1.12.0.jar:/Users/jeffersonpaz/.m2/repository/commons-net/commons-net/3.11.1/commons-net-3.11.1.jar:/Users/jeffersonpaz/.m2/repository/com/google/guava/guava/33.3.1-jre/guava-33.3.1-jre.jar:/Users/jeffersonpaz/.m2/repository/com/google/guava/failureaccess/1.0.2/failureaccess-1.0.2.jar:/Users/jeffersonpaz/.m2/repository/com/google/guava/listenablefuture/9999.0-empty-to-avoid-conflict-with-guava/listenablefuture-9999.0-empty-to-avoid-conflict-with-guava.jar:/Users/jeffersonpaz/.m2/repository/com/google/code/findbugs/jsr305/3.0.2/jsr305-3.0.2.jar:/Users/jeffersonpaz/.m2/repository/org/checkerframework/checker-qual/3.43.0/checker-qual-3.43.0.jar:/Users/jeffersonpaz/.m2/repository/com/google/j2objc/j2objc-annotations/3.0.0/j2objc-annotations-3.0.0.jar:/Users/jeffersonpaz/.m2/repository/org/jsoup/jsoup/1.15.4/jsoup-1.15.4.jar:/Users/jeffersonpaz/.m2/repository/com/thoughtworks/xstream/xstream/1.4.20/xstream-1.4.20.jar:/Users/jeffersonpaz/.m2/repository/io/github/x-stream/mxparser/1.2.2/mxparser-1.2.2.jar:/Users/jeffersonpaz/.m2/repository/xmlpull/xmlpull/1.1.3.1/xmlpull-1.1.3.1.jar:/Users/jeffersonpaz/.m2/repository/com/opencsv/opencsv/5.9/opencsv-5.9.jar:/Users/jeffersonpaz/.m2/repository/commons-beanutils/commons-beanutils/1.9.4/commons-beanutils-1.9.4.jar:/Users/jeffersonpaz/.m2/repository/commons-collections/commons-collections/3.2.2/commons-collections-3.2.2.jar:/Users/jeffersonpaz/.m2/repository/org/apache/commons/commons-collections4/4.4/commons-collections4-4.4.jar:/Users/jeffersonpaz/.m2/repository/com/typesafe/config/1.4.3/config-1.4.3.jar:/Users/jeffersonpaz/.m2/repository/org/imgscalr/imgscalr-lib/4.2/imgscalr-lib-4.2.jar:/Users/jeffersonpaz/.m2/repository/org/awaitility/awaitility/4.2.2/awaitility-4.2.2.jar:/Users/jeffersonpaz/.m2/repository/org/freemarker/freemarker/2.3.33/freemarker-2.3.33.jar:/Users/jeffersonpaz/.m2/repository/io/github/classgraph/classgraph/4.8.157/classgraph-4.8.157.jar:/Users/jeffersonpaz/.m2/repository/com/github/ben-manes/caffeine/caffeine/2.9.2/caffeine-2.9.2.jar:/Users/jeffersonpaz/.m2/repository/org/ehcache/ehcache/3.10.8/ehcache-3.10.8.jar:/Users/jeffersonpaz/.m2/repository/javax/cache/cache-api/1.1.0/cache-api-1.1.0.jar:/Users/jeffersonpaz/.m2/repository/net/sourceforge/jexcelapi/jxl/2.6.12/jxl-2.6.12.jar:/Users/jeffersonpaz/.m2/repository/net/bytebuddy/byte-buddy/1.15.2/byte-buddy-1.15.2.jar:/Users/jeffersonpaz/.m2/repository/net/bytebuddy/byte-buddy-agent/1.15.2/byte-buddy-agent-1.15.2.jar:/Users/jeffersonpaz/.m2/repository/org/objenesis/objenesis/3.4/objenesis-3.4.jar:/Users/jeffersonpaz/.m2/repository/com/vladsch/flexmark/flexmark-all/0.64.8/flexmark-all-0.64.8.jar:/Users/jeffersonpaz/.m2/repository/com/vladsch/flexmark/flexmark/0.64.8/flexmark-0.64.8.jar:/Users/jeffersonpaz/.m2/repository/com/vladsch/flexmark/flexmark-ext-abbreviation/0.64.8/flexmark-ext-abbreviation-0.64.8.jar:/Users/jeffersonpaz/.m2/repository/com/vladsch/flexmark/flexmark-ext-admonition/0.64.8/flexmark-ext-admonition-0.64.8.jar:/Users/jeffersonpaz/.m2/repository/com/vladsch/flexmark/flexmark-ext-anchorlink/0.64.8/flexmark-ext-anchorlink-0.64.8.jar:/Users/jeffersonpaz/.m2/repository/com/vladsch/flexmark/flexmark-ext-aside/0.64.8/flexmark-ext-aside-0.64.8.jar:/Users/jeffersonpaz/.m2/repository/com/vladsch/flexmark/flexmark-ext-attributes/0.64.8/flexmark-ext-attributes-0.64.8.jar:/Users/jeffersonpaz/.m2/repository/com/vladsch/flexmark/flexmark-ext-autolink/0.64.8/flexmark-ext-autolink-0.64.8.jar:/Users/jeffersonpaz/.m2/repository/org/nibor/autolink/autolink/0.6.0/autolink-0.6.0.jar:/Users/jeffersonpaz/.m2/repository/com/vladsch/flexmark/flexmark-ext-definition/0.64.8/flexmark-ext-definition-0.64.8.jar:/Users/jeffersonpaz/.m2/repository/com/vladsch/flexmark/flexmark-ext-emoji/0.64.8/flexmark-ext-emoji-0.64.8.jar:/Users/jeffersonpaz/.m2/repository/com/vladsch/flexmark/flexmark-ext-enumerated-reference/0.64.8/flexmark-ext-enumerated-reference-0.64.8.jar:/Users/jeffersonpaz/.m2/repository/com/vladsch/flexmark/flexmark-ext-escaped-character/0.64.8/flexmark-ext-escaped-character-0.64.8.jar:/Users/jeffersonpaz/.m2/repository/com/vladsch/flexmark/flexmark-ext-footnotes/0.64.8/flexmark-ext-footnotes-0.64.8.jar:/Users/jeffersonpaz/.m2/repository/com/vladsch/flexmark/flexmark-ext-gfm-issues/0.64.8/flexmark-ext-gfm-issues-0.64.8.jar:/Users/jeffersonpaz/.m2/repository/com/vladsch/flexmark/flexmark-ext-gfm-strikethrough/0.64.8/flexmark-ext-gfm-strikethrough-0.64.8.jar:/Users/jeffersonpaz/.m2/repository/com/vladsch/flexmark/flexmark-ext-gfm-tasklist/0.64.8/flexmark-ext-gfm-tasklist-0.64.8.jar:/Users/jeffersonpaz/.m2/repository/com/vladsch/flexmark/flexmark-ext-gfm-users/0.64.8/flexmark-ext-gfm-users-0.64.8.jar:/Users/jeffersonpaz/.m2/repository/com/vladsch/flexmark/flexmark-ext-gitlab/0.64.8/flexmark-ext-gitlab-0.64.8.jar:/Users/jeffersonpaz/.m2/repository/com/vladsch/flexmark/flexmark-ext-jekyll-front-matter/0.64.8/flexmark-ext-jekyll-front-matter-0.64.8.jar:/Users/jeffersonpaz/.m2/repository/com/vladsch/flexmark/flexmark-ext-jekyll-tag/0.64.8/flexmark-ext-jekyll-tag-0.64.8.jar:/Users/jeffersonpaz/.m2/repository/com/vladsch/flexmark/flexmark-ext-media-tags/0.64.8/flexmark-ext-media-tags-0.64.8.jar:/Users/jeffersonpaz/.m2/repository/com/vladsch/flexmark/flexmark-ext-macros/0.64.8/flexmark-ext-macros-0.64.8.jar:/Users/jeffersonpaz/.m2/repository/com/vladsch/flexmark/flexmark-ext-ins/0.64.8/flexmark-ext-ins-0.64.8.jar:/Users/jeffersonpaz/.m2/repository/com/vladsch/flexmark/flexmark-ext-xwiki-macros/0.64.8/flexmark-ext-xwiki-macros-0.64.8.jar:/Users/jeffersonpaz/.m2/repository/com/vladsch/flexmark/flexmark-ext-superscript/0.64.8/flexmark-ext-superscript-0.64.8.jar:/Users/jeffersonpaz/.m2/repository/com/vladsch/flexmark/flexmark-ext-toc/0.64.8/flexmark-ext-toc-0.64.8.jar:/Users/jeffersonpaz/.m2/repository/com/vladsch/flexmark/flexmark-ext-typographic/0.64.8/flexmark-ext-typographic-0.64.8.jar:/Users/jeffersonpaz/.m2/repository/com/vladsch/flexmark/flexmark-ext-wikilink/0.64.8/flexmark-ext-wikilink-0.64.8.jar:/Users/jeffersonpaz/.m2/repository/com/vladsch/flexmark/flexmark-ext-yaml-front-matter/0.64.8/flexmark-ext-yaml-front-matter-0.64.8.jar:/Users/jeffersonpaz/.m2/repository/com/vladsch/flexmark/flexmark-ext-youtube-embedded/0.64.8/flexmark-ext-youtube-embedded-0.64.8.jar:/Users/jeffersonpaz/.m2/repository/com/vladsch/flexmark/flexmark-html2md-converter/0.64.8/flexmark-html2md-converter-0.64.8.jar:/Users/jeffersonpaz/.m2/repository/com/vladsch/flexmark/flexmark-jira-converter/0.64.8/flexmark-jira-converter-0.64.8.jar:/Users/jeffersonpaz/.m2/repository/com/vladsch/flexmark/flexmark-pdf-converter/0.64.8/flexmark-pdf-converter-0.64.8.jar:/Users/jeffersonpaz/.m2/repository/com/openhtmltopdf/openhtmltopdf-core/1.0.10/openhtmltopdf-core-1.0.10.jar:/Users/jeffersonpaz/.m2/repository/com/openhtmltopdf/openhtmltopdf-pdfbox/1.0.10/openhtmltopdf-pdfbox-1.0.10.jar:/Users/jeffersonpaz/.m2/repository/org/apache/pdfbox/pdfbox/2.0.24/pdfbox-2.0.24.jar:/Users/jeffersonpaz/.m2/repository/org/apache/pdfbox/fontbox/2.0.24/fontbox-2.0.24.jar:/Users/jeffersonpaz/.m2/repository/org/apache/pdfbox/xmpbox/2.0.24/xmpbox-2.0.24.jar:/Users/jeffersonpaz/.m2/repository/de/rototor/pdfbox/graphics2d/0.32/graphics2d-0.32.jar:/Users/jeffersonpaz/.m2/repository/com/openhtmltopdf/openhtmltopdf-rtl-support/1.0.10/openhtmltopdf-rtl-support-1.0.10.jar:/Users/jeffersonpaz/.m2/repository/com/vladsch/flexmark/flexmark-profile-pegdown/0.64.8/flexmark-profile-pegdown-0.64.8.jar:/Users/jeffersonpaz/.m2/repository/com/vladsch/flexmark/flexmark-util-ast/0.64.8/flexmark-util-ast-0.64.8.jar:/Users/jeffersonpaz/.m2/repository/com/vladsch/flexmark/flexmark-util-builder/0.64.8/flexmark-util-builder-0.64.8.jar:/Users/jeffersonpaz/.m2/repository/com/vladsch/flexmark/flexmark-util-collection/0.64.8/flexmark-util-collection-0.64.8.jar:/Users/jeffersonpaz/.m2/repository/com/vladsch/flexmark/flexmark-util-data/0.64.8/flexmark-util-data-0.64.8.jar:/Users/jeffersonpaz/.m2/repository/com/vladsch/flexmark/flexmark-util-dependency/0.64.8/flexmark-util-dependency-0.64.8.jar:/Users/jeffersonpaz/.m2/repository/com/vladsch/flexmark/flexmark-util-format/0.64.8/flexmark-util-format-0.64.8.jar:/Users/jeffersonpaz/.m2/repository/com/vladsch/flexmark/flexmark-util-html/0.64.8/flexmark-util-html-0.64.8.jar:/Users/jeffersonpaz/.m2/repository/com/vladsch/flexmark/flexmark-util-misc/0.64.8/flexmark-util-misc-0.64.8.jar:/Users/jeffersonpaz/.m2/repository/com/vladsch/flexmark/flexmark-util-options/0.64.8/flexmark-util-options-0.64.8.jar:/Users/jeffersonpaz/.m2/repository/com/vladsch/flexmark/flexmark-util-sequence/0.64.8/flexmark-util-sequence-0.64.8.jar:/Users/jeffersonpaz/.m2/repository/com/vladsch/flexmark/flexmark-util-visitor/0.64.8/flexmark-util-visitor-0.64.8.jar:/Users/jeffersonpaz/.m2/repository/com/vladsch/flexmark/flexmark-youtrack-converter/0.64.8/flexmark-youtrack-converter-0.64.8.jar:/Users/jeffersonpaz/.m2/repository/com/vladsch/flexmark/flexmark-ext-resizable-image/0.64.8/flexmark-ext-resizable-image-0.64.8.jar:/Users/jeffersonpaz/.m2/repository/com/vladsch/flexmark/flexmark-ext-tables/0.64.8/flexmark-ext-tables-0.64.8.jar:/Users/jeffersonpaz/.m2/repository/com/vladsch/flexmark/flexmark-util/0.64.8/flexmark-util-0.64.8.jar:/Users/jeffersonpaz/.m2/repository/net/serenity-bdd/serenity-screenplay/4.2.3/serenity-screenplay-4.2.3.jar:/Users/jeffersonpaz/.m2/repository/net/serenity-bdd/serenity-screenplay-webdriver/4.2.3/serenity-screenplay-webdriver-4.2.3.jar:/Users/jeffersonpaz/.m2/repository/org/jetbrains/kotlin/kotlin-stdlib/1.9.24/kotlin-stdlib-1.9.24.jar:/Users/jeffersonpaz/.m2/repository/org/jetbrains/annotations/13.0/annotations-13.0.jar:/Users/jeffersonpaz/.m2/repository/net/serenity-bdd/serenity-junit/4.2.3/serenity-junit-4.2.3.jar:/Users/jeffersonpaz/.m2/repository/junit/junit/4.13.2/junit-4.13.2.jar:/Users/jeffersonpaz/.m2/repository/jakarta/xml/bind/jakarta.xml.bind-api/4.0.0/jakarta.xml.bind-api-4.0.0.jar:/Users/jeffersonpaz/.m2/repository/jakarta/activation/jakarta.activation-api/2.1.0/jakarta.activation-api-2.1.0.jar:/Users/jeffersonpaz/.m2/repository/com/sun/xml/bind/jaxb-impl/4.0.3/jaxb-impl-4.0.3.jar:/Users/jeffersonpaz/.m2/repository/net/serenity-bdd/serenity-cucumber/4.2.3/serenity-cucumber-4.2.3.jar:/Users/jeffersonpaz/.m2/repository/io/cucumber/cucumber-core/7.19.0/cucumber-core-7.19.0.jar:/Users/jeffersonpaz/.m2/repository/io/cucumber/cucumber-gherkin/7.19.0/cucumber-gherkin-7.19.0.jar:/Users/jeffersonpaz/.m2/repository/io/cucumber/cucumber-gherkin-messages/7.19.0/cucumber-gherkin-messages-7.19.0.jar:/Users/jeffersonpaz/.m2/repository/io/cucumber/gherkin/28.0.0/gherkin-28.0.0.jar:/Users/jeffersonpaz/.m2/repository/io/cucumber/messages/24.1.0/messages-24.1.0.jar:/Users/jeffersonpaz/.m2/repository/io/cucumber/testng-xml-formatter/0.2.0/testng-xml-formatter-0.2.0.jar:/Users/jeffersonpaz/.m2/repository/io/cucumber/query/12.2.0/query-12.2.0.jar:/Users/jeffersonpaz/.m2/repository/io/cucumber/tag-expressions/6.1.0/tag-expressions-6.1.0.jar:/Users/jeffersonpaz/.m2/repository/io/cucumber/cucumber-expressions/17.1.0/cucumber-expressions-17.1.0.jar:/Users/jeffersonpaz/.m2/repository/io/cucumber/datatable/7.19.0/datatable-7.19.0.jar:/Users/jeffersonpaz/.m2/repository/io/cucumber/cucumber-plugin/7.19.0/cucumber-plugin-7.19.0.jar:/Users/jeffersonpaz/.m2/repository/io/cucumber/docstring/7.19.0/docstring-7.19.0.jar:/Users/jeffersonpaz/.m2/repository/io/cucumber/html-formatter/21.7.0/html-formatter-21.7.0.jar:/Users/jeffersonpaz/.m2/repository/io/cucumber/junit-xml-formatter/0.5.0/junit-xml-formatter-0.5.0.jar:/Users/jeffersonpaz/.m2/repository/io/cucumber/ci-environment/10.0.1/ci-environment-10.0.1.jar:/Users/jeffersonpaz/.m2/repository/io/cucumber/cucumber-java/7.19.0/cucumber-java-7.19.0.jar:/Users/jeffersonpaz/.m2/repository/io/cucumber/cucumber-junit/7.19.0/cucumber-junit-7.19.0.jar:/Users/jeffersonpaz/.m2/repository/org/apiguardian/apiguardian-api/1.1.2/apiguardian-api-1.1.2.jar:/Users/jeffersonpaz/.m2/repository/org/apache/commons/commons-csv/1.5/commons-csv-1.5.jar:/Users/jeffersonpaz/.m2/repository/org/apache/maven/plugins/maven-compiler-plugin/3.13.0/maven-compiler-plugin-3.13.0.jar:/Users/jeffersonpaz/.m2/repository/org/apache/maven/shared/maven-shared-utils/3.4.2/maven-shared-utils-3.4.2.jar:/Users/jeffersonpaz/.m2/repository/org/apache/maven/shared/maven-shared-incremental/1.1/maven-shared-incremental-1.1.jar:/Users/jeffersonpaz/.m2/repository/org/codehaus/plexus/plexus-java/1.2.0/plexus-java-1.2.0.jar:/Users/jeffersonpaz/.m2/repository/org/ow2/asm/asm/9.6/asm-9.6.jar:/Users/jeffersonpaz/.m2/repository/com/thoughtworks/qdox/qdox/2.0.3/qdox-2.0.3.jar:/Users/jeffersonpaz/.m2/repository/org/codehaus/plexus/plexus-compiler-api/2.15.0/plexus-compiler-api-2.15.0.jar:/Users/jeffersonpaz/.m2/repository/org/codehaus/plexus/plexus-compiler-manager/2.15.0/plexus-compiler-manager-2.15.0.jar:/Users/jeffersonpaz/.m2/repository/javax/inject/javax.inject/1/javax.inject-1.jar:/Users/jeffersonpaz/.m2/repository/org/codehaus/plexus/plexus-xml/3.0.0/plexus-xml-3.0.0.jar:/Users/jeffersonpaz/.m2/repository/org/codehaus/plexus/plexus-compiler-javac/2.15.0/plexus-compiler-javac-2.15.0.jar:/Users/jeffersonpaz/.m2/repository/org/codehaus/plexus/plexus-utils/4.0.0/plexus-utils-4.0.0.jar:/Users/jeffersonpaz/.m2/repository/net/serenity-bdd/serenity-core/4.2.3/serenity-core-4.2.3.jar:/Users/jeffersonpaz/.m2/repository/net/serenity-bdd/serenity-reports/4.2.3/serenity-reports-4.2.3.jar:/Users/jeffersonpaz/.m2/repository/net/serenity-bdd/serenity-stats/4.2.3/serenity-stats-4.2.3.jar:/Users/jeffersonpaz/.m2/repository/net/serenity-bdd/serenity-reports-configuration/4.2.3/serenity-reports-configuration-4.2.3.jar:/Users/jeffersonpaz/.m2/repository/com/ibm/icu/icu4j/72.1/icu4j-72.1.jar:/Users/jeffersonpaz/.m2/repository/es/nitaur/markdown/txtmark/0.16/txtmark-0.16.jar:/Users/jeffersonpaz/.m2/repository/net/serenity-bdd/serenity-report-resources/4.2.3/serenity-report-resources-4.2.3.jar:/Users/jeffersonpaz/.m2/repository/com/google/code/gson/gson/2.11.0/gson-2.11.0.jar:/Users/jeffersonpaz/.m2/repository/com/google/errorprone/error_prone_annotations/2.27.0/error_prone_annotations-2.27.0.jar:/Users/jeffersonpaz/.m2/repository/com/fasterxml/jackson/core/jackson-core/2.17.2/jackson-core-2.17.2.jar:/Users/jeffersonpaz/.m2/repository/com/fasterxml/jackson/core/jackson-databind/2.17.2/jackson-databind-2.17.2.jar:/Users/jeffersonpaz/.m2/repository/com/fasterxml/jackson/core/jackson-annotations/2.17.2/jackson-annotations-2.17.2.jar:/Users/jeffersonpaz/.m2/repository/commons-codec/commons-codec/1.17.1/commons-codec-1.17.1.jar:/Users/jeffersonpaz/.m2/repository/commons-io/commons-io/2.17.0/commons-io-2.17.0.jar:/Users/jeffersonpaz/.m2/repository/org/apache/httpcomponents/httpclient/4.5.13/httpclient-4.5.13.jar:/Users/jeffersonpaz/.m2/repository/org/apache/httpcomponents/httpcore/4.4.13/httpcore-4.4.13.jar:/Users/jeffersonpaz/.m2/repository/commons-logging/commons-logging/1.2/commons-logging-1.2.jar:/Users/jeffersonpaz/.m2/repository/org/seleniumhq/selenium/selenium-java/4.25.0/selenium-java-4.25.0.jar:/Users/jeffersonpaz/.m2/repository/org/seleniumhq/selenium/selenium-devtools-v127/4.25.0/selenium-devtools-v127-4.25.0.jar:/Users/jeffersonpaz/.m2/repository/org/seleniumhq/selenium/selenium-devtools-v128/4.25.0/selenium-devtools-v128-4.25.0.jar:/Users/jeffersonpaz/.m2/repository/org/seleniumhq/selenium/selenium-devtools-v129/4.25.0/selenium-devtools-v129-4.25.0.jar:/Users/jeffersonpaz/.m2/repository/org/seleniumhq/selenium/selenium-devtools-v85/4.25.0/selenium-devtools-v85-4.25.0.jar:/Users/jeffersonpaz/.m2/repository/org/seleniumhq/selenium/selenium-remote-driver/4.25.0/selenium-remote-driver-4.25.0.jar:/Users/jeffersonpaz/.m2/repository/io/opentelemetry/semconv/opentelemetry-semconv/1.25.0-alpha/opentelemetry-semconv-1.25.0-alpha.jar:/Users/jeffersonpaz/.m2/repository/io/opentelemetry/opentelemetry-api/1.42.1/opentelemetry-api-1.42.1.jar:/Users/jeffersonpaz/.m2/repository/io/opentelemetry/opentelemetry-context/1.42.1/opentelemetry-context-1.42.1.jar:/Users/jeffersonpaz/.m2/repository/io/opentelemetry/opentelemetry-exporter-logging/1.42.1/opentelemetry-exporter-logging-1.42.1.jar:/Users/jeffersonpaz/.m2/repository/io/opentelemetry/opentelemetry-sdk-common/1.42.1/opentelemetry-sdk-common-1.42.1.jar:/Users/jeffersonpaz/.m2/repository/io/opentelemetry/opentelemetry-sdk-extension-autoconfigure-spi/1.42.1/opentelemetry-sdk-extension-autoconfigure-spi-1.42.1.jar:/Users/jeffersonpaz/.m2/repository/io/opentelemetry/opentelemetry-sdk-extension-autoconfigure/1.42.1/opentelemetry-sdk-extension-autoconfigure-1.42.1.jar:/Users/jeffersonpaz/.m2/repository/io/opentelemetry/opentelemetry-api-incubator/1.42.1-alpha/opentelemetry-api-incubator-1.42.1-alpha.jar:/Users/jeffersonpaz/.m2/repository/io/opentelemetry/opentelemetry-sdk-trace/1.42.1/opentelemetry-sdk-trace-1.42.1.jar:/Users/jeffersonpaz/.m2/repository/io/opentelemetry/opentelemetry-sdk/1.42.1/opentelemetry-sdk-1.42.1.jar:/Users/jeffersonpaz/.m2/repository/io/opentelemetry/opentelemetry-sdk-metrics/1.42.1/opentelemetry-sdk-metrics-1.42.1.jar:/Users/jeffersonpaz/.m2/repository/io/opentelemetry/opentelemetry-sdk-logs/1.42.1/opentelemetry-sdk-logs-1.42.1.jar:/Users/jeffersonpaz/.m2/repository/org/seleniumhq/selenium/selenium-os/4.25.0/selenium-os-4.25.0.jar:/Users/jeffersonpaz/.m2/repository/org/apache/commons/commons-exec/1.4.0/commons-exec-1.4.0.jar:/Users/jeffersonpaz/.m2/repository/org/seleniumhq/selenium/selenium-safari-driver/4.25.0/selenium-safari-driver-4.25.0.jar:/Users/jeffersonpaz/.m2/repository/org/seleniumhq/selenium/selenium-api/4.25.0/selenium-api-4.25.0.jar:/Users/jeffersonpaz/.m2/repository/org/jspecify/jspecify/1.0.0/jspecify-1.0.0.jar:/Users/jeffersonpaz/.m2/repository/org/seleniumhq/selenium/selenium-support/4.25.0/selenium-support-4.25.0.jar:/Users/jeffersonpaz/.m2/repository/com/google/auto/service/auto-service-annotations/1.1.1/auto-service-annotations-1.1.1.jar:/Users/jeffersonpaz/.m2/repository/org/seleniumhq/selenium/selenium-json/4.25.0/selenium-json-4.25.0.jar:/Users/jeffersonpaz/.m2/repository/org/seleniumhq/selenium/selenium-chrome-driver/4.25.0/selenium-chrome-driver-4.25.0.jar:/Users/jeffersonpaz/.m2/repository/org/seleniumhq/selenium/selenium-chromium-driver/4.25.0/selenium-chromium-driver-4.25.0.jar:/Users/jeffersonpaz/.m2/repository/org/seleniumhq/selenium/selenium-manager/4.25.0/selenium-manager-4.25.0.jar:/Users/jeffersonpaz/.m2/repository/org/seleniumhq/selenium/selenium-firefox-driver/4.25.0/selenium-firefox-driver-4.25.0.jar:/Users/jeffersonpaz/.m2/repository/org/seleniumhq/selenium/selenium-http/4.25.0/selenium-http-4.25.0.jar:/Users/jeffersonpaz/.m2/repository/dev/failsafe/failsafe/3.3.2/failsafe-3.3.2.jar:/Users/jeffersonpaz/.m2/repository/org/seleniumhq/selenium/selenium-edge-driver/4.25.0/selenium-edge-driver-4.25.0.jar:/Users/jeffersonpaz/.m2/repository/org/seleniumhq/selenium/selenium-ie-driver/4.25.0/selenium-ie-driver-4.25.0.jar:/Users/jeffersonpaz/.m2/repository/org/htmlunit/htmlunit/4.4.0/htmlunit-4.4.0.jar:/Users/jeffersonpaz/.m2/repository/org/apache/httpcomponents/httpmime/4.5.14/httpmime-4.5.14.jar:/Users/jeffersonpaz/.m2/repository/org/htmlunit/htmlunit-core-js/4.4.0/htmlunit-core-js-4.4.0.jar:/Users/jeffersonpaz/.m2/repository/org/htmlunit/neko-htmlunit/4.4.0/neko-htmlunit-4.4.0.jar:/Users/jeffersonpaz/.m2/repository/org/htmlunit/htmlunit-cssparser/4.4.0/htmlunit-cssparser-4.4.0.jar:/Users/jeffersonpaz/.m2/repository/org/htmlunit/htmlunit-xpath/4.4.0/htmlunit-xpath-4.4.0.jar:/Users/jeffersonpaz/.m2/repository/org/htmlunit/htmlunit-csp/4.4.0/htmlunit-csp-4.4.0.jar:/Users/jeffersonpaz/.m2/repository/org/htmlunit/htmlunit-websocket-client/4.4.0/htmlunit-websocket-client-4.4.0.jar:/Users/jeffersonpaz/.m2/repository/org/brotli/dec/0.1.2/dec-0.1.2.jar:/Users/jeffersonpaz/.m2/repository/org/seleniumhq/selenium/htmlunit3-driver/4.23.0/htmlunit3-driver-4.23.0.jar:/Users/jeffersonpaz/.m2/repository/io/appium/java-client/9.3.0/java-client-9.3.0.jar:/Users/jeffersonpaz/.m2/repository/org/apache/groovy/groovy/4.0.23/groovy-4.0.23.jar:/Users/jeffersonpaz/.m2/repository/net/sf/opencsv/opencsv/2.3/opencsv-2.3.jar:/Users/jeffersonpaz/.m2/repository/org/apache/commons/commons-lang3/3.17.0/commons-lang3-3.17.0.jar:/Users/jeffersonpaz/.m2/repository/org/apache/commons/commons-compress/1.27.1/commons-compress-1.27.1.jar:/Users/jeffersonpaz/.m2/repository/org/fluentlenium/fluentlenium-core/0.10.2/fluentlenium-core-0.10.2.jar:/Users/jeffersonpaz/.m2/repository/com/jhlabs/filters/2.0.235/filters-2.0.235.jar:/Users/jeffersonpaz/.m2/repository/com/paulhammant/ngwebdriver/1.2/ngwebdriver-1.2.jar:/Users/jeffersonpaz/.m2/repository/joda-time/joda-time/2.13.0/joda-time-2.13.0.jar:/Users/jeffersonpaz/.m2/repository/org/hamcrest/hamcrest/2.2/hamcrest-2.2.jar:/Users/jeffersonpaz/.m2/repository/com/google/jimfs/jimfs/1.3.0/jimfs-1.3.0.jar:/Users/jeffersonpaz/.m2/repository/org/mockito/mockito-core/3.3.3/mockito-core-3.3.3.jar:/Users/jeffersonpaz/.m2/repository/javax/xml/bind/jaxb-api/2.3.1/jaxb-api-2.3.1.jar:/Users/jeffersonpaz/.m2/repository/javax/activation/javax.activation-api/1.2.0/javax.activation-api-1.2.0.jar:/Users/jeffersonpaz/.m2/repository/com/sun/xml/bind/jaxb-core/2.3.0.1/jaxb-core-2.3.0.1.jar:/Users/jeffersonpaz/.m2/repository/javax/activation/activation/1.1.1/activation-1.1.1.jar:/Users/jeffersonpaz/.m2/repository/org/slf4j/slf4j-simple/1.7.7/slf4j-simple-1.7.7.jar:/Users/jeffersonpaz/.m2/repository/org/slf4j/slf4j-api/1.7.7/slf4j-api-1.7.7.jar:"/>
    <property name="sun.cpu.endian" value="little"/>
    <property name="user.home" value="/Users/jeffersonpaz"/>
    <property name="user.language" value="en"/>
    <property name="java.specification.vendor" value="Oracle Corporation"/>
    <property name="java.version.date" value="2024-09-17"/>
    <property name="java.home" value="/opt/homebrew/Cellar/openjdk/23/libexec/openjdk.jdk/Contents/Home"/>
    <property name="file.separator" value="/"/>
    <property name="basedir" value="/Users/jeffersonpaz/Desktop/SanAngelSqa"/>
    <property name="java.vm.compressedOopsMode" value="Zero based"/>
    <property name="line.separator" value="&#10;"/>
    <property name="java.vm.specification.vendor" value="Oracle Corporation"/>
    <property name="java.specification.name" value="Java Platform API Specification"/>
    <property name="apple.awt.application.name" value="ForkedBooter"/>
    <property name="surefire.real.class.path" value="/Users/jeffersonpaz/Desktop/SanAngelSqa/target/surefire/surefirebooter-20241010224708480_3.jar"/>
    <property name="sun.management.compiler" value="HotSpot 64-Bit Tiered Compilers"/>
    <property name="ftp.nonProxyHosts" value="local|*.local|169.254/16|*.169.254/16"/>
    <property name="java.runtime.version" value="23"/>
    <property name="user.name" value="jeffersonpaz"/>
    <property name="stdout.encoding" value="UTF-8"/>
    <property name="path.separator" value=":"/>
    <property name="os.version" value="14.6.1"/>
    <property name="java.runtime.name" value="OpenJDK Runtime Environment"/>
    <property name="file.encoding" value="UTF-8"/>
    <property name="java.vm.name" value="OpenJDK 64-Bit Server VM"/>
    <property name="java.vendor.version" value="Homebrew"/>
    <property name="localRepository" value="/Users/jeffersonpaz/.m2/repository"/>
    <property name="java.vendor.url.bug" value="https://github.com/Homebrew/homebrew-core/issues"/>
    <property name="java.io.tmpdir" value="/var/folders/c0/_x4spmld1bl085bxk5x4w3mc0000gn/T/"/>
    <property name="java.version" value="23"/>
    <property name="user.dir" value="/Users/jeffersonpaz/Desktop/SanAngelSqa"/>
    <property name="os.arch" value="aarch64"/>
    <property name="java.vm.specification.name" value="Java Virtual Machine Specification"/>
    <property name="native.encoding" value="UTF-8"/>
    <property name="java.library.path" value="/Users/jeffersonpaz/Library/Java/Extensions:/Library/Java/Extensions:/Network/Library/Java/Extensions:/System/Library/Java/Extensions:/usr/lib/java:."/>
    <property name="java.vm.info" value="mixed mode, sharing"/>
    <property name="stderr.encoding" value="UTF-8"/>
    <property name="java.vendor" value="Homebrew"/>
    <property name="java.vm.version" value="23"/>
    <property name="sun.io.unicode.encoding" value="UnicodeBig"/>
    <property name="socksNonProxyHosts" value="local|*.local|169.254/16|*.169.254/16"/>
    <property name="java.class.version" value="67.0"/>
  </properties>
  <testcase name="Add 2 products to cart" classname="San angel purchases" time="27.414">
    <system-out><![CDATA[{nameProduct=quantity, Presente=1, Destellos=1}
Label product name in cart
Label quantity product in cart
Presente - Rosado 1
Label product name in cart
Label quantity product in cart
Destellos - Rojo 1
]]></system-out>
    <system-err><![CDATA[[main] INFO  - 

-------------------------------------------------------------------------------------
     _______. _______ .______       _______ .__   __.  __  .___________.____    ____ 
    /       ||   ____||   _  \     |   ____||  \ |  | |  | |           |\   \  /   / 
   |   (----`|  |__   |  |_)  |    |  |__   |   \|  | |  | `---|  |----` \   \/   /  
    \   \    |   __|  |      /     |   __|  |  . `  | |  |     |  |       \_    _/   
.----)   |   |  |____ |  |\  \----.|  |____ |  |\   | |  |     |  |         |  |     
|_______/    |_______|| _| `._____||_______||__| \__| |__|     |__|         |__|    
                                                                                     
 News and tutorials at https://serenity-bdd.info                                     
 Documentation at https://serenity-bdd.github.io                                     
 Test Automation Training and Coaching: https://www.serenity-dojo.com                
 Commercial Support: https://www.serenity-dojo.com/serenity-bdd-enterprise-support   
 Join the Serenity Community on Gitter: https://gitter.im/serenity-bdd/serenity-core 
-------------------------------------------------------------------------------------

[main] INFO  - Test Suite Started: San angel purchases
[main] INFO  - Test Suite Started: San angel purchases
[main] INFO  - 
  _____   ___   ___   _____     ___   _____     _     ___   _____   ___   ___  
 |_   _| | __| / __| |_   _|   / __| |_   _|   /_\   | _ \ |_   _| | __| |   \ 
   | |   | _|  \__ \   | |     \__ \   | |    / _ \  |   /   | |   | _|  | |) |
   |_|   |___| |___/   |_|     |___/   |_|   /_/ \_\ |_|_\   |_|   |___| |___/ 

Add 2 products to cart(san-angel-purchases;add-2-products-to-cart)
--------------------------------------------------------------------------------
[main] INFO  - 
  _____   ___   ___   _____     ___     _     ___   ___   ___   ___  
 |_   _| | __| / __| |_   _|   | _ \   /_\   / __| / __| | __| |   \ 
   | |   | _|  \__ \   | |     |  _/  / _ \  \__ \ \__ \ | _|  | |) |
   |_|   |___| |___/   |_|     |_|   /_/ \_\ |___/ |___/ |___| |___/ 

Add 2 products to cart
----------------------------------------------------------------------
]]></system-err>
  </testcase>
  <testcase name="Add 1 product with 2 quantity to cart" classname="San angel purchases" time="14.838">
    <system-out><![CDATA[{nameProduct=quantity, Presente=1}
Label product name in cart
Label quantity product in cart
Presente - Rosado 1
]]></system-out>
    <system-err><![CDATA[[main] INFO  - 
  _____   ___   ___   _____     ___   _____     _     ___   _____   ___   ___  
 |_   _| | __| / __| |_   _|   / __| |_   _|   /_\   | _ \ |_   _| | __| |   \ 
   | |   | _|  \__ \   | |     \__ \   | |    / _ \  |   /   | |   | _|  | |) |
   |_|   |___| |___/   |_|     |___/   |_|   /_/ \_\ |_|_\   |_|   |___| |___/ 

Add 1 product with 2 quantity to cart(san-angel-purchases;add-1-product-with-2-quantity-to-cart)
--------------------------------------------------------------------------------
[main] INFO  - 
  _____   ___   ___   _____     ___     _     ___   ___   ___   ___  
 |_   _| | __| / __| |_   _|   | _ \   /_\   / __| / __| | __| |   \ 
   | |   | _|  \__ \   | |     |  _/  / _ \  \__ \ \__ \ | _|  | |) |
   |_|   |___| |___/   |_|     |_|   /_/ \_\ |___/ |___/ |___| |___/ 

Add 1 product with 2 quantity to cart
----------------------------------------------------------------------
]]></system-err>
  </testcase>
  <testcase name="Add 2 product with 5 quantity to cart" classname="San angel purchases" time="26.309">
    <system-out><![CDATA[{nameProduct=quantity, Presente=5, Destellos=5}
Label product name in cart
Label quantity product in cart
Presente - Rosado 5
Label product name in cart
Label quantity product in cart
Destellos - Rojo 5
]]></system-out>
    <system-err><![CDATA[[main] INFO  - 
  _____   ___   ___   _____     ___   _____     _     ___   _____   ___   ___  
 |_   _| | __| / __| |_   _|   / __| |_   _|   /_\   | _ \ |_   _| | __| |   \ 
   | |   | _|  \__ \   | |     \__ \   | |    / _ \  |   /   | |   | _|  | |) |
   |_|   |___| |___/   |_|     |___/   |_|   /_/ \_\ |_|_\   |_|   |___| |___/ 

Add 2 product with 5 quantity to cart(san-angel-purchases;add-2-product-with-5-quantity-to-cart)
--------------------------------------------------------------------------------
[main] INFO  - 
  _____   ___   ___   _____     ___     _     ___   ___   ___   ___  
 |_   _| | __| / __| |_   _|   | _ \   /_\   / __| / __| | __| |   \ 
   | |   | _|  \__ \   | |     |  _/  / _ \  \__ \ \__ \ | _|  | |) |
   |_|   |___| |___/   |_|     |_|   /_/ \_\ |___/ |___/ |___| |___/ 

Add 2 product with 5 quantity to cart
----------------------------------------------------------------------
]]></system-err>
  </testcase>
</testsuite>